#
# There is insufficient memory for the Java Runtime Environment to continue.
# Native memory allocation (malloc) failed to allocate 1868784 bytes. Error detail: Chunk::new
# Possible reasons:
#   The system is out of physical RAM or swap space
#   This process is running with CompressedOops enabled, and the Java Heap may be blocking the growth of the native heap
# Possible solutions:
#   Reduce memory load on the system
#   Increase physical memory or swap space
#   Check if swap backing store is full
#   Decrease Java heap size (-Xmx/-Xms)
#   Decrease number of Java threads
#   Decrease Java thread stack sizes (-Xss)
#   Set larger code cache with -XX:ReservedCodeCacheSize=
#   JVM is running with Unscaled Compressed Oops mode in which the Java heap is
#     placed in the first 4GB address space. The Java Heap base address is the
#     maximum limit for the native heap growth. Please use -XX:HeapBaseMinAddress
#     to set the Java Heap base and to place the Java Heap above 4GB virtual address.
# This output file may be truncated or incomplete.
#
#  Out of Memory Error (arena.cpp:168), pid=22744, tid=22284
#
# JRE version: OpenJDK Runtime Environment (21.0.5) (build 21.0.5+-13047016-b750.29)
# Java VM: OpenJDK 64-Bit Server VM (21.0.5+-13047016-b750.29, mixed mode, tiered, compressed oops, compressed class ptrs, g1 gc, windows-amd64)
# No core dump will be written. Minidumps are not enabled by default on client versions of Windows
#

---------------  S U M M A R Y ------------

Command Line: --add-opens=java.base/java.lang=ALL-UNNAMED --add-opens=java.base/java.lang.invoke=ALL-UNNAMED --add-opens=java.base/java.util=ALL-UNNAMED --add-opens=java.prefs/java.util.prefs=ALL-UNNAMED --add-exports=jdk.compiler/com.sun.tools.javac.api=ALL-UNNAMED --add-exports=jdk.compiler/com.sun.tools.javac.util=ALL-UNNAMED --add-opens=java.base/java.util=ALL-UNNAMED --add-opens=java.prefs/java.util.prefs=ALL-UNNAMED --add-opens=java.base/java.nio.charset=ALL-UNNAMED --add-opens=java.base/java.net=ALL-UNNAMED --add-opens=java.base/java.util.concurrent.atomic=ALL-UNNAMED --add-opens=java.xml/javax.xml.namespace=ALL-UNNAMED -XX:MaxMetaspaceSize=512m -Xmx2048m -Dfile.encoding=UTF-8 -Duser.country=IN -Duser.language=en -Duser.variant -javaagent:C:\Users\ganes\.gradle\wrapper\dists\gradle-8.13-bin\5xuhj0ry160q40clulazy9h7d\gradle-8.13\lib\agents\gradle-instrumentation-agent-8.13.jar org.gradle.launcher.daemon.bootstrap.GradleDaemon 8.13

Host: AMD Ryzen 5 5600H with Radeon Graphics         , 12 cores, 7G,  Windows 11 , 64 bit Build 26100 (10.0.26100.3624)
Time: Wed Jul  2 15:22:41 2025 India Standard Time elapsed time: 10.951950 seconds (0d 0h 0m 10s)

---------------  T H R E A D  ---------------

Current thread (0x000002557f9d7d40):  JavaThread "C2 CompilerThread0" daemon [_thread_in_native, id=22284, stack(0x000000730bc00000,0x000000730bd00000) (1024K)]


Current CompileTask:
C2:10952 5802   !   4       java.net.URLClassLoader::findClass (47 bytes)

Stack: [0x000000730bc00000,0x000000730bd00000]
Native frames: (J=compiled Java code, j=interpreted, Vv=VM code, C=native code)
V  [jvm.dll+0x6cfb29]
V  [jvm.dll+0x85df93]
V  [jvm.dll+0x8604ee]
V  [jvm.dll+0x860bd3]
V  [jvm.dll+0x27e6b6]
V  [jvm.dll+0xbff6d]
V  [jvm.dll+0xc04a3]
V  [jvm.dll+0x3b5ffb]
V  [jvm.dll+0x1de852]
V  [jvm.dll+0x247db4]
V  [jvm.dll+0x247231]
V  [jvm.dll+0x1c5ee4]
V  [jvm.dll+0x25697c]
V  [jvm.dll+0x254ec6]
V  [jvm.dll+0x3f0ce6]
V  [jvm.dll+0x806368]
V  [jvm.dll+0x6ce3fd]
C  [ucrtbase.dll+0x37b0]
C  [KERNEL32.DLL+0x2e8d7]
C  [ntdll.dll+0xb14fc]


---------------  P R O C E S S  ---------------

Threads class SMR info:
_java_thread_list=0x000002550b546c20, length=42, elements={
0x000002556bccca40, 0x000002557f9a8d90, 0x000002557f9ac360, 0x000002557f9aec10,
0x000002557f9af660, 0x000002557f9bc290, 0x000002557f9d1c40, 0x000002557f9d7d40,
0x000002557f9daaf0, 0x000002557fb32b50, 0x000002557fcc7b70, 0x000002550998fb60,
0x000002550811b6a0, 0x0000025509c7b6c0, 0x0000025509a766f0, 0x0000025509a76d50,
0x0000025509b9ea10, 0x0000025509b9aba0, 0x0000025509b9da30, 0x0000025509c3a000,
0x0000025509c38c50, 0x0000025509c3b3b0, 0x0000025509c3ba40, 0x0000025509c3c0d0,
0x0000025509c3a690, 0x0000025509c392e0, 0x0000025509c39970, 0x0000025509c3ad20,
0x000002550b210570, 0x000002550b212640, 0x000002550b20f850, 0x000002550b211fb0,
0x000002550b20f1c0, 0x000002550b210c00, 0x000002550eab7600, 0x000002550eab68e0,
0x000002550eab8320, 0x000002550eab6f70, 0x000002550eab7c90, 0x000002550eab89b0,
0x0000025509c06150, 0x0000025509c06820
}

Java Threads: ( => current thread )
  0x000002556bccca40 JavaThread "main"                              [_thread_blocked, id=12312, stack(0x000000730ae00000,0x000000730af00000) (1024K)]
  0x000002557f9a8d90 JavaThread "Reference Handler"          daemon [_thread_blocked, id=8736, stack(0x000000730b600000,0x000000730b700000) (1024K)]
  0x000002557f9ac360 JavaThread "Finalizer"                  daemon [_thread_blocked, id=10668, stack(0x000000730b700000,0x000000730b800000) (1024K)]
  0x000002557f9aec10 JavaThread "Signal Dispatcher"          daemon [_thread_blocked, id=1552, stack(0x000000730b800000,0x000000730b900000) (1024K)]
  0x000002557f9af660 JavaThread "Attach Listener"            daemon [_thread_blocked, id=19640, stack(0x000000730b900000,0x000000730ba00000) (1024K)]
  0x000002557f9bc290 JavaThread "Service Thread"             daemon [_thread_blocked, id=11028, stack(0x000000730ba00000,0x000000730bb00000) (1024K)]
  0x000002557f9d1c40 JavaThread "Monitor Deflation Thread"   daemon [_thread_blocked, id=28868, stack(0x000000730bb00000,0x000000730bc00000) (1024K)]
=>0x000002557f9d7d40 JavaThread "C2 CompilerThread0"         daemon [_thread_in_native, id=22284, stack(0x000000730bc00000,0x000000730bd00000) (1024K)]
  0x000002557f9daaf0 JavaThread "C1 CompilerThread0"         daemon [_thread_in_native, id=28580, stack(0x000000730bd00000,0x000000730be00000) (1024K)]
  0x000002557fb32b50 JavaThread "Common-Cleaner"             daemon [_thread_blocked, id=10316, stack(0x000000730be00000,0x000000730bf00000) (1024K)]
  0x000002557fcc7b70 JavaThread "Notification Thread"        daemon [_thread_blocked, id=10412, stack(0x000000730bf00000,0x000000730c000000) (1024K)]
  0x000002550998fb60 JavaThread "Daemon health stats"               [_thread_blocked, id=12616, stack(0x000000730c800000,0x000000730c900000) (1024K)]
  0x000002550811b6a0 JavaThread "Incoming local TCP Connector on port 51700"        [_thread_in_native, id=12032, stack(0x000000730c100000,0x000000730c200000) (1024K)]
  0x0000025509c7b6c0 JavaThread "Daemon periodic checks"            [_thread_blocked, id=16068, stack(0x000000730c900000,0x000000730ca00000) (1024K)]
  0x0000025509a766f0 JavaThread "Daemon"                            [_thread_blocked, id=3328, stack(0x000000730ca00000,0x000000730cb00000) (1024K)]
  0x0000025509a76d50 JavaThread "Handler for socket connection from /127.0.0.1:51700 to /127.0.0.1:51701"        [_thread_in_native, id=29712, stack(0x000000730cb00000,0x000000730cc00000) (1024K)]
  0x0000025509b9ea10 JavaThread "Cancel handler"                    [_thread_blocked, id=9680, stack(0x000000730cc00000,0x000000730cd00000) (1024K)]
  0x0000025509b9aba0 JavaThread "Daemon worker"                     [_thread_in_Java, id=26120, stack(0x000000730cd00000,0x000000730ce00000) (1024K)]
  0x0000025509b9da30 JavaThread "Asynchronous log dispatcher for DefaultDaemonConnection: socket connection from /127.0.0.1:51700 to /127.0.0.1:51701"        [_thread_blocked, id=8356, stack(0x000000730ce00000,0x000000730cf00000) (1024K)]
  0x0000025509c3a000 JavaThread "Stdin handler"                     [_thread_blocked, id=17828, stack(0x000000730cf00000,0x000000730d000000) (1024K)]
  0x0000025509c38c50 JavaThread "Daemon client event forwarder"        [_thread_blocked, id=28964, stack(0x000000730d000000,0x000000730d100000) (1024K)]
  0x0000025509c3b3b0 JavaThread "Cache worker for journal cache (C:\Users\ganes\.gradle\caches\journal-1)"        [_thread_blocked, id=19668, stack(0x000000730d600000,0x000000730d700000) (1024K)]
  0x0000025509c3ba40 JavaThread "File lock request listener"        [_thread_in_native, id=12764, stack(0x000000730d700000,0x000000730d800000) (1024K)]
  0x0000025509c3c0d0 JavaThread "Cache worker for file hash cache (C:\Users\ganes\.gradle\caches\8.13\fileHashes)"        [_thread_blocked, id=14012, stack(0x000000730d800000,0x000000730d900000) (1024K)]
  0x0000025509c3a690 JavaThread "Cache worker for file hash cache (C:\Users\ganes\play\Physio\Physio\android\.gradle\8.13\fileHashes)"        [_thread_blocked, id=5148, stack(0x000000730da00000,0x000000730db00000) (1024K)]
  0x0000025509c392e0 JavaThread "Cache worker for Build Output Cleanup Cache (C:\Users\ganes\play\Physio\Physio\android\.gradle\buildOutputCleanup)"        [_thread_blocked, id=28716, stack(0x000000730db00000,0x000000730dc00000) (1024K)]
  0x0000025509c39970 JavaThread "File watcher server"        daemon [_thread_in_native, id=4100, stack(0x000000730dc00000,0x000000730dd00000) (1024K)]
  0x0000025509c3ad20 JavaThread "File watcher consumer"      daemon [_thread_blocked, id=5768, stack(0x000000730dd00000,0x000000730de00000) (1024K)]
  0x000002550b210570 JavaThread "jar transforms"                    [_thread_blocked, id=7484, stack(0x000000730de00000,0x000000730df00000) (1024K)]
  0x000002550b212640 JavaThread "Cache worker for checksums cache (C:\Users\ganes\play\Physio\Physio\android\.gradle\8.13\checksums)"        [_thread_blocked, id=12124, stack(0x000000730df00000,0x000000730e000000) (1024K)]
  0x000002550b20f850 JavaThread "Cache worker for file content cache (C:\Users\ganes\.gradle\caches\8.13\fileContent)"        [_thread_blocked, id=9200, stack(0x000000730e000000,0x000000730e100000) (1024K)]
  0x000002550b211fb0 JavaThread "Cache worker for cache directory md-supplier (C:\Users\ganes\.gradle\caches\8.13\md-supplier)"        [_thread_blocked, id=19444, stack(0x000000730e100000,0x000000730e200000) (1024K)]
  0x000002550b20f1c0 JavaThread "Cache worker for cache directory md-rule (C:\Users\ganes\.gradle\caches\8.13\md-rule)"        [_thread_blocked, id=2232, stack(0x000000730e200000,0x000000730e300000) (1024K)]
  0x000002550b210c00 JavaThread "Cache worker for Build Output Cleanup Cache (C:\Users\ganes\play\Physio\Physio\node_modules\@react-native\gradle-plugin\.gradle\buildOutputCleanup)"        [_thread_blocked, id=27656, stack(0x000000730e300000,0x000000730e400000) (1024K)]
  0x000002550eab7600 JavaThread "Unconstrained build operations"        [_thread_blocked, id=12284, stack(0x000000730e400000,0x000000730e500000) (1024K)]
  0x000002550eab68e0 JavaThread "Unconstrained build operations Thread 2"        [_thread_blocked, id=16716, stack(0x000000730e500000,0x000000730e600000) (1024K)]
  0x000002550eab8320 JavaThread "Unconstrained build operations Thread 3"        [_thread_blocked, id=29268, stack(0x000000730e600000,0x000000730e700000) (1024K)]
  0x000002550eab6f70 JavaThread "Unconstrained build operations Thread 4"        [_thread_blocked, id=29564, stack(0x000000730e700000,0x000000730e800000) (1024K)]
  0x000002550eab7c90 JavaThread "Unconstrained build operations Thread 5"        [_thread_blocked, id=28988, stack(0x000000730e800000,0x000000730e900000) (1024K)]
  0x000002550eab89b0 JavaThread "Unconstrained build operations Thread 6"        [_thread_blocked, id=16404, stack(0x000000730e900000,0x000000730ea00000) (1024K)]
  0x0000025509c06150 JavaThread "C2 CompilerThread1"         daemon [_thread_in_native, id=18732, stack(0x000000730c000000,0x000000730c100000) (1024K)]
  0x0000025509c06820 JavaThread "C2 CompilerThread2"         daemon [_thread_in_native, id=27668, stack(0x000000730d900000,0x000000730da00000) (1024K)]
Total: 42

Other Threads:
  0x000002557f7eaf70 VMThread "VM Thread"                           [id=20028, stack(0x000000730b500000,0x000000730b600000) (1024K)]
  0x000002557f78b830 WatcherThread "VM Periodic Task Thread"        [id=26036, stack(0x000000730b400000,0x000000730b500000) (1024K)]
  0x000002556bd25540 WorkerThread "GC Thread#0"                     [id=22840, stack(0x000000730af00000,0x000000730b000000) (1024K)]
  0x00000255080e38e0 WorkerThread "GC Thread#1"                     [id=28108, stack(0x000000730c200000,0x000000730c300000) (1024K)]
  0x000002550823ab60 WorkerThread "GC Thread#2"                     [id=14908, stack(0x000000730c300000,0x000000730c400000) (1024K)]
  0x0000025508c602a0 WorkerThread "GC Thread#3"                     [id=13656, stack(0x000000730c400000,0x000000730c500000) (1024K)]
  0x000002550871d910 WorkerThread "GC Thread#4"                     [id=5548, stack(0x000000730c500000,0x000000730c600000) (1024K)]
  0x00000255099967b0 WorkerThread "GC Thread#5"                     [id=30124, stack(0x000000730c600000,0x000000730c700000) (1024K)]
  0x0000025509996b50 WorkerThread "GC Thread#6"                     [id=20380, stack(0x000000730c700000,0x000000730c800000) (1024K)]
  0x0000025509af28a0 WorkerThread "GC Thread#7"                     [id=21948, stack(0x000000730d100000,0x000000730d200000) (1024K)]
  0x0000025509af2fe0 WorkerThread "GC Thread#8"                     [id=29960, stack(0x000000730d200000,0x000000730d300000) (1024K)]
  0x0000025509af2160 WorkerThread "GC Thread#9"                     [id=28728, stack(0x000000730d300000,0x000000730d400000) (1024K)]
  0x000002556bd36fb0 ConcurrentGCThread "G1 Main Marker"            [id=24396, stack(0x000000730b000000,0x000000730b100000) (1024K)]
  0x000002556bd37860 WorkerThread "G1 Conc#0"                       [id=1528, stack(0x000000730b100000,0x000000730b200000) (1024K)]
  0x0000025509af3ac0 WorkerThread "G1 Conc#1"                       [id=20368, stack(0x000000730d400000,0x000000730d500000) (1024K)]
  0x0000025509af2c40 WorkerThread "G1 Conc#2"                       [id=24276, stack(0x000000730d500000,0x000000730d600000) (1024K)]
  0x000002556bd8e4f0 ConcurrentGCThread "G1 Refine#0"               [id=27220, stack(0x000000730b200000,0x000000730b300000) (1024K)]
  0x000002557f65f160 ConcurrentGCThread "G1 Service"                [id=8884, stack(0x000000730b300000,0x000000730b400000) (1024K)]
Total: 18

Threads with active compile tasks:
C2 CompilerThread0  10998 5802   !   4       java.net.URLClassLoader::findClass (47 bytes)
C1 CompilerThread0  10998 6226       2       org.gradle.internal.component.external.model.DefaultConfigurationMetadata::getAttributes (28 bytes)
C2 CompilerThread1  10998 5803       4       java.net.URLClassLoader$1::run (5 bytes)
C2 CompilerThread2  10998 5804   !   4       java.net.URLClassLoader$1::run (81 bytes)
Total: 4

VM state: not at safepoint (normal execution)

VM Mutex/Monitor currently owned by a thread: None

Heap address: 0x0000000080000000, size: 2048 MB, Compressed Oops mode: 32-bit

CDS archive(s) not mapped
Compressed class space mapped at: 0x0000000100000000-0x000000011a000000, reserved size: 436207616
Narrow klass base: 0x0000000000000000, Narrow klass shift: 3, Narrow klass range: 0x11a000000

GC Precious Log:
 CardTable entry size: 512
 Card Set container configuration: InlinePtr #cards 5 size 8 Array Of Cards #cards 12 size 40 Howl #buckets 4 coarsen threshold 1843 Howl Bitmap #cards 512 size 80 coarsen threshold 460 Card regions per heap region 1 cards per card region 2048
 CPUs: 12 total, 12 available
 Memory: 7518M
 Large Page Support: Disabled
 NUMA Support: Disabled
 Compressed Oops: Enabled (32-bit)
 Heap Region Size: 1M
 Heap Min Capacity: 8M
 Heap Initial Capacity: 118M
 Heap Max Capacity: 2G
 Pre-touch: Disabled
 Parallel Workers: 10
 Concurrent Workers: 3
 Concurrent Refinement Workers: 10
 Periodic GC: Disabled

Heap:
 garbage-first heap   total 86016K, used 58540K [0x0000000080000000, 0x0000000100000000)
  region size 1024K, 21 young (21504K), 5 survivors (5120K)
 Metaspace       used 68812K, committed 70592K, reserved 491520K
  class space    used 9425K, committed 10304K, reserved 425984K

Heap Regions: E=young(eden), S=young(survivor), O=old, HS=humongous(starts), HC=humongous(continues), CS=collection set, F=free, TAMS=top-at-mark-start, PB=parsable bottom
|   0|0x0000000080000000, 0x0000000080100000, 0x0000000080100000|100%|HS|  |TAMS 0x0000000080000000| PB 0x0000000080000000| Complete 
|   1|0x0000000080100000, 0x0000000080200000, 0x0000000080200000|100%|HC|  |TAMS 0x0000000080100000| PB 0x0000000080100000| Complete 
|   2|0x0000000080200000, 0x0000000080300000, 0x0000000080300000|100%|HC|  |TAMS 0x0000000080200000| PB 0x0000000080200000| Complete 
|   3|0x0000000080300000, 0x0000000080400000, 0x0000000080400000|100%| O|  |TAMS 0x0000000080300000| PB 0x0000000080300000| Untracked 
|   4|0x0000000080400000, 0x0000000080500000, 0x0000000080500000|100%| O|  |TAMS 0x0000000080400000| PB 0x0000000080400000| Untracked 
|   5|0x0000000080500000, 0x0000000080600000, 0x0000000080600000|100%| O|  |TAMS 0x0000000080500000| PB 0x0000000080500000| Untracked 
|   6|0x0000000080600000, 0x0000000080700000, 0x0000000080700000|100%|HS|  |TAMS 0x0000000080600000| PB 0x0000000080600000| Complete 
|   7|0x0000000080700000, 0x0000000080800000, 0x0000000080800000|100%| O|  |TAMS 0x0000000080700000| PB 0x0000000080700000| Untracked 
|   8|0x0000000080800000, 0x0000000080900000, 0x0000000080900000|100%| O|  |TAMS 0x0000000080800000| PB 0x0000000080800000| Untracked 
|   9|0x0000000080900000, 0x0000000080a00000, 0x0000000080a00000|100%| O|  |TAMS 0x0000000080900000| PB 0x0000000080900000| Untracked 
|  10|0x0000000080a00000, 0x0000000080b00000, 0x0000000080b00000|100%| O|  |TAMS 0x0000000080a00000| PB 0x0000000080a00000| Untracked 
|  11|0x0000000080b00000, 0x0000000080c00000, 0x0000000080c00000|100%| O|  |TAMS 0x0000000080b00000| PB 0x0000000080b00000| Untracked 
|  12|0x0000000080c00000, 0x0000000080d00000, 0x0000000080d00000|100%| O|  |TAMS 0x0000000080c00000| PB 0x0000000080c00000| Untracked 
|  13|0x0000000080d00000, 0x0000000080e00000, 0x0000000080e00000|100%| O|  |TAMS 0x0000000080d00000| PB 0x0000000080d00000| Untracked 
|  14|0x0000000080e00000, 0x0000000080f00000, 0x0000000080f00000|100%| O|  |TAMS 0x0000000080e00000| PB 0x0000000080e00000| Untracked 
|  15|0x0000000080f00000, 0x0000000081000000, 0x0000000081000000|100%| O|  |TAMS 0x0000000080f00000| PB 0x0000000080f00000| Untracked 
|  16|0x0000000081000000, 0x0000000081100000, 0x0000000081100000|100%| O|  |TAMS 0x0000000081000000| PB 0x0000000081000000| Untracked 
|  17|0x0000000081100000, 0x0000000081200000, 0x0000000081200000|100%| O|  |TAMS 0x0000000081100000| PB 0x0000000081100000| Untracked 
|  18|0x0000000081200000, 0x0000000081300000, 0x0000000081300000|100%| O|  |TAMS 0x0000000081200000| PB 0x0000000081200000| Untracked 
|  19|0x0000000081300000, 0x0000000081400000, 0x0000000081400000|100%| O|  |TAMS 0x0000000081300000| PB 0x0000000081300000| Untracked 
|  20|0x0000000081400000, 0x0000000081500000, 0x0000000081500000|100%| O|  |TAMS 0x0000000081400000| PB 0x0000000081400000| Untracked 
|  21|0x0000000081500000, 0x0000000081600000, 0x0000000081600000|100%| O|  |TAMS 0x0000000081500000| PB 0x0000000081500000| Untracked 
|  22|0x0000000081600000, 0x0000000081700000, 0x0000000081700000|100%| O|  |TAMS 0x0000000081600000| PB 0x0000000081600000| Untracked 
|  23|0x0000000081700000, 0x0000000081700000, 0x0000000081800000|  0%| F|  |TAMS 0x0000000081700000| PB 0x0000000081700000| Untracked 
|  24|0x0000000081800000, 0x0000000081900000, 0x0000000081900000|100%| O|  |TAMS 0x0000000081800000| PB 0x0000000081800000| Untracked 
|  25|0x0000000081900000, 0x0000000081a00000, 0x0000000081a00000|100%| O|  |TAMS 0x0000000081900000| PB 0x0000000081900000| Untracked 
|  26|0x0000000081a00000, 0x0000000081b00000, 0x0000000081b00000|100%| O|  |TAMS 0x0000000081a00000| PB 0x0000000081a00000| Untracked 
|  27|0x0000000081b00000, 0x0000000081c00000, 0x0000000081c00000|100%| O|  |TAMS 0x0000000081b00000| PB 0x0000000081b00000| Untracked 
|  28|0x0000000081c00000, 0x0000000081d00000, 0x0000000081d00000|100%| O|  |TAMS 0x0000000081c00000| PB 0x0000000081c00000| Untracked 
|  29|0x0000000081d00000, 0x0000000081e00000, 0x0000000081e00000|100%| O|  |TAMS 0x0000000081d00000| PB 0x0000000081d00000| Untracked 
|  30|0x0000000081e00000, 0x0000000081f00000, 0x0000000081f00000|100%| O|  |TAMS 0x0000000081e00000| PB 0x0000000081e00000| Untracked 
|  31|0x0000000081f00000, 0x0000000082000000, 0x0000000082000000|100%| O|  |TAMS 0x0000000081f00000| PB 0x0000000081f00000| Untracked 
|  32|0x0000000082000000, 0x0000000082100000, 0x0000000082100000|100%| O|  |TAMS 0x0000000082000000| PB 0x0000000082000000| Untracked 
|  33|0x0000000082100000, 0x0000000082200000, 0x0000000082200000|100%| O|  |TAMS 0x0000000082100000| PB 0x0000000082100000| Untracked 
|  34|0x0000000082200000, 0x0000000082300000, 0x0000000082300000|100%| O|  |TAMS 0x0000000082200000| PB 0x0000000082200000| Untracked 
|  35|0x0000000082300000, 0x0000000082333a90, 0x0000000082400000| 20%| O|  |TAMS 0x0000000082300000| PB 0x0000000082300000| Untracked 
|  36|0x0000000082400000, 0x0000000082500000, 0x0000000082500000|100%| O|  |TAMS 0x0000000082400000| PB 0x0000000082400000| Untracked 
|  37|0x0000000082500000, 0x0000000082600000, 0x0000000082600000|100%| O|  |TAMS 0x0000000082500000| PB 0x0000000082500000| Untracked 
|  38|0x0000000082600000, 0x0000000082700000, 0x0000000082700000|100%| O|  |TAMS 0x0000000082600000| PB 0x0000000082600000| Untracked 
|  39|0x0000000082700000, 0x0000000082700000, 0x0000000082800000|  0%| F|  |TAMS 0x0000000082700000| PB 0x0000000082700000| Untracked 
|  40|0x0000000082800000, 0x0000000082800000, 0x0000000082900000|  0%| F|  |TAMS 0x0000000082800000| PB 0x0000000082800000| Untracked 
|  41|0x0000000082900000, 0x0000000082900000, 0x0000000082a00000|  0%| F|  |TAMS 0x0000000082900000| PB 0x0000000082900000| Untracked 
|  42|0x0000000082a00000, 0x0000000082a00000, 0x0000000082b00000|  0%| F|  |TAMS 0x0000000082a00000| PB 0x0000000082a00000| Untracked 
|  43|0x0000000082b00000, 0x0000000082b00000, 0x0000000082c00000|  0%| F|  |TAMS 0x0000000082b00000| PB 0x0000000082b00000| Untracked 
|  44|0x0000000082c00000, 0x0000000082c00000, 0x0000000082d00000|  0%| F|  |TAMS 0x0000000082c00000| PB 0x0000000082c00000| Untracked 
|  45|0x0000000082d00000, 0x0000000082d00000, 0x0000000082e00000|  0%| F|  |TAMS 0x0000000082d00000| PB 0x0000000082d00000| Untracked 
|  46|0x0000000082e00000, 0x0000000082ef77d0, 0x0000000082f00000| 96%| S|CS|TAMS 0x0000000082e00000| PB 0x0000000082e00000| Complete 
|  47|0x0000000082f00000, 0x0000000083000000, 0x0000000083000000|100%| S|CS|TAMS 0x0000000082f00000| PB 0x0000000082f00000| Complete 
|  48|0x0000000083000000, 0x0000000083100000, 0x0000000083100000|100%| S|CS|TAMS 0x0000000083000000| PB 0x0000000083000000| Complete 
|  49|0x0000000083100000, 0x0000000083200000, 0x0000000083200000|100%| S|CS|TAMS 0x0000000083100000| PB 0x0000000083100000| Complete 
|  50|0x0000000083200000, 0x0000000083300000, 0x0000000083300000|100%| S|CS|TAMS 0x0000000083200000| PB 0x0000000083200000| Complete 
|  51|0x0000000083300000, 0x0000000083300000, 0x0000000083400000|  0%| F|  |TAMS 0x0000000083300000| PB 0x0000000083300000| Untracked 
|  52|0x0000000083400000, 0x0000000083400000, 0x0000000083500000|  0%| F|  |TAMS 0x0000000083400000| PB 0x0000000083400000| Untracked 
|  53|0x0000000083500000, 0x0000000083500000, 0x0000000083600000|  0%| F|  |TAMS 0x0000000083500000| PB 0x0000000083500000| Untracked 
|  54|0x0000000083600000, 0x0000000083600000, 0x0000000083700000|  0%| F|  |TAMS 0x0000000083600000| PB 0x0000000083600000| Untracked 
|  55|0x0000000083700000, 0x0000000083700000, 0x0000000083800000|  0%| F|  |TAMS 0x0000000083700000| PB 0x0000000083700000| Untracked 
|  56|0x0000000083800000, 0x0000000083800000, 0x0000000083900000|  0%| F|  |TAMS 0x0000000083800000| PB 0x0000000083800000| Untracked 
|  57|0x0000000083900000, 0x0000000083900000, 0x0000000083a00000|  0%| F|  |TAMS 0x0000000083900000| PB 0x0000000083900000| Untracked 
|  58|0x0000000083a00000, 0x0000000083a00000, 0x0000000083b00000|  0%| F|  |TAMS 0x0000000083a00000| PB 0x0000000083a00000| Untracked 
|  59|0x0000000083b00000, 0x0000000083b00000, 0x0000000083c00000|  0%| F|  |TAMS 0x0000000083b00000| PB 0x0000000083b00000| Untracked 
|  60|0x0000000083c00000, 0x0000000083c00000, 0x0000000083d00000|  0%| F|  |TAMS 0x0000000083c00000| PB 0x0000000083c00000| Untracked 
|  61|0x0000000083d00000, 0x0000000083d00000, 0x0000000083e00000|  0%| F|  |TAMS 0x0000000083d00000| PB 0x0000000083d00000| Untracked 
|  62|0x0000000083e00000, 0x0000000083e00000, 0x0000000083f00000|  0%| F|  |TAMS 0x0000000083e00000| PB 0x0000000083e00000| Untracked 
|  63|0x0000000083f00000, 0x0000000083f00000, 0x0000000084000000|  0%| F|  |TAMS 0x0000000083f00000| PB 0x0000000083f00000| Untracked 
|  64|0x0000000084000000, 0x0000000084000000, 0x0000000084100000|  0%| F|  |TAMS 0x0000000084000000| PB 0x0000000084000000| Untracked 
|  65|0x0000000084100000, 0x0000000084100000, 0x0000000084200000|  0%| F|  |TAMS 0x0000000084100000| PB 0x0000000084100000| Untracked 
|  66|0x0000000084200000, 0x0000000084200000, 0x0000000084300000|  0%| F|  |TAMS 0x0000000084200000| PB 0x0000000084200000| Untracked 
|  67|0x0000000084300000, 0x0000000084380000, 0x0000000084400000| 50%| E|  |TAMS 0x0000000084300000| PB 0x0000000084300000| Complete 
|  68|0x0000000084400000, 0x0000000084500000, 0x0000000084500000|100%| E|CS|TAMS 0x0000000084400000| PB 0x0000000084400000| Complete 
|  69|0x0000000084500000, 0x0000000084600000, 0x0000000084600000|100%| E|CS|TAMS 0x0000000084500000| PB 0x0000000084500000| Complete 
|  70|0x0000000084600000, 0x0000000084700000, 0x0000000084700000|100%| E|CS|TAMS 0x0000000084600000| PB 0x0000000084600000| Complete 
|  71|0x0000000084700000, 0x0000000084800000, 0x0000000084800000|100%| E|CS|TAMS 0x0000000084700000| PB 0x0000000084700000| Complete 
|  72|0x0000000084800000, 0x0000000084900000, 0x0000000084900000|100%| E|CS|TAMS 0x0000000084800000| PB 0x0000000084800000| Complete 
|  73|0x0000000084900000, 0x0000000084a00000, 0x0000000084a00000|100%| E|CS|TAMS 0x0000000084900000| PB 0x0000000084900000| Complete 
|  74|0x0000000084a00000, 0x0000000084b00000, 0x0000000084b00000|100%| E|CS|TAMS 0x0000000084a00000| PB 0x0000000084a00000| Complete 
|  75|0x0000000084b00000, 0x0000000084c00000, 0x0000000084c00000|100%| E|CS|TAMS 0x0000000084b00000| PB 0x0000000084b00000| Complete 
|  76|0x0000000084c00000, 0x0000000084d00000, 0x0000000084d00000|100%| E|CS|TAMS 0x0000000084c00000| PB 0x0000000084c00000| Complete 
|  77|0x0000000084d00000, 0x0000000084e00000, 0x0000000084e00000|100%| E|CS|TAMS 0x0000000084d00000| PB 0x0000000084d00000| Complete 
|  78|0x0000000084e00000, 0x0000000084f00000, 0x0000000084f00000|100%| E|CS|TAMS 0x0000000084e00000| PB 0x0000000084e00000| Complete 
|  89|0x0000000085900000, 0x0000000085a00000, 0x0000000085a00000|100%| E|CS|TAMS 0x0000000085900000| PB 0x0000000085900000| Complete 
|  90|0x0000000085a00000, 0x0000000085b00000, 0x0000000085b00000|100%| E|CS|TAMS 0x0000000085a00000| PB 0x0000000085a00000| Complete 
|  91|0x0000000085b00000, 0x0000000085c00000, 0x0000000085c00000|100%| E|CS|TAMS 0x0000000085b00000| PB 0x0000000085b00000| Complete 
|  92|0x0000000085c00000, 0x0000000085d00000, 0x0000000085d00000|100%| E|CS|TAMS 0x0000000085c00000| PB 0x0000000085c00000| Complete 
| 117|0x0000000087500000, 0x0000000087600000, 0x0000000087600000|100%| E|CS|TAMS 0x0000000087500000| PB 0x0000000087500000| Complete 

Card table byte_map: [0x000002557e770000,0x000002557eb70000] _byte_map_base: 0x000002557e370000

Marking Bits: (CMBitMap*) 0x000002556bd259f0
 Bits: [0x0000025500000000, 0x0000025502000000)

Polling page: 0x000002556b390000

Metaspace:

Usage:
  Non-class:     58.00 MB used.
      Class:      9.20 MB used.
       Both:     67.20 MB used.

Virtual space:
  Non-class space:       64.00 MB reserved,      58.88 MB ( 92%) committed,  1 nodes.
      Class space:      416.00 MB reserved,      10.06 MB (  2%) committed,  1 nodes.
             Both:      480.00 MB reserved,      68.94 MB ( 14%) committed. 

Chunk freelists:
   Non-Class:  4.23 MB
       Class:  5.98 MB
        Both:  10.21 MB

MaxMetaspaceSize: 512.00 MB
CompressedClassSpaceSize: 416.00 MB
Initial GC threshold: 21.00 MB
Current GC threshold: 98.12 MB
CDS: off
 - commit_granule_bytes: 65536.
 - commit_granule_words: 8192.
 - virtual_space_node_default_size: 8388608.
 - enlarge_chunks_in_place: 1.
 - use_allocation_guard: 0.


Internal statistics:

num_allocs_failed_limit: 9.
num_arena_births: 3252.
num_arena_deaths: 0.
num_vsnodes_births: 2.
num_vsnodes_deaths: 0.
num_space_committed: 1103.
num_space_uncommitted: 0.
num_chunks_returned_to_freelist: 9.
num_chunks_taken_from_freelist: 6118.
num_chunk_merges: 6.
num_chunk_splits: 3960.
num_chunks_enlarged: 2421.
num_inconsistent_stats: 0.

CodeHeap 'non-profiled nmethods': size=120000Kb used=3547Kb max_used=3547Kb free=116452Kb
 bounds [0x00000255768f0000, 0x0000025576c70000, 0x000002557de20000]
CodeHeap 'profiled nmethods': size=120000Kb used=10865Kb max_used=10865Kb free=109134Kb
 bounds [0x000002556ee20000, 0x000002556f8c0000, 0x0000025576350000]
CodeHeap 'non-nmethods': size=5760Kb used=2792Kb max_used=2797Kb free=2967Kb
 bounds [0x0000025576350000, 0x0000025576620000, 0x00000255768f0000]
 total_blobs=6545 nmethods=5646 adapters=800
 compilation: enabled
              stopped_count=0, restarted_count=0
 full_count=0

Compilation events (20 events):
Event: 9.908 Thread 0x000002557f9daaf0 6069       1       com.google.common.collect.RegularImmutableSet::isPartialView (2 bytes)
Event: 9.908 Thread 0x000002557f9daaf0 nmethod 6069 0x0000025576c5af90 code [0x0000025576c5b120, 0x0000025576c5b1e8]
Event: 9.908 Thread 0x000002557f9daaf0 6072       1       com.google.common.collect.RegularImmutableSet::hashCode (5 bytes)
Event: 9.908 Thread 0x000002557f9daaf0 nmethod 6072 0x0000025576c5b290 code [0x0000025576c5b420, 0x0000025576c5b4e8]
Event: 9.908 Thread 0x000002557f9daaf0 6071       1       com.google.common.collect.RegularImmutableList::isPartialView (2 bytes)
Event: 9.908 Thread 0x000002557f9daaf0 nmethod 6071 0x0000025576c5b590 code [0x0000025576c5b720, 0x0000025576c5b7e8]
Event: 9.908 Thread 0x000002557f9daaf0 6061       1       org.gradle.api.internal.artifacts.dependencies.DefaultImmutableVersionConstraint::getStrictVersion (5 bytes)
Event: 9.908 Thread 0x000002557f9daaf0 nmethod 6061 0x0000025576c5b890 code [0x0000025576c5ba20, 0x0000025576c5bae8]
Event: 9.908 Thread 0x000002557f9daaf0 6073       1       org.gradle.internal.component.external.model.DefaultModuleComponentSelector::getVersionConstraint (5 bytes)
Event: 9.908 Thread 0x000002557f9daaf0 nmethod 6073 0x0000025576c5bb90 code [0x0000025576c5bd20, 0x0000025576c5bde8]
Event: 9.908 Thread 0x000002557f9daaf0 6066       1       org.gradle.api.internal.artifacts.dependencies.DefaultImmutableVersionConstraint::getRequiredVersion (5 bytes)
Event: 9.908 Thread 0x000002557f9daaf0 nmethod 6066 0x0000025576c5be90 code [0x0000025576c5c020, 0x0000025576c5c0e8]
Event: 9.908 Thread 0x000002557f9daaf0 6067       1       org.gradle.api.internal.artifacts.dependencies.DefaultImmutableVersionConstraint::getPreferredVersion (5 bytes)
Event: 9.908 Thread 0x000002557f9daaf0 nmethod 6067 0x0000025576c5c190 code [0x0000025576c5c320, 0x0000025576c5c3e8]
Event: 9.908 Thread 0x000002557f9daaf0 6068       1       org.gradle.api.internal.artifacts.dependencies.DefaultImmutableVersionConstraint::getRejectedVersions (5 bytes)
Event: 9.908 Thread 0x000002557f9daaf0 nmethod 6068 0x0000025576c5c490 code [0x0000025576c5c620, 0x0000025576c5c6e8]
Event: 9.908 Thread 0x000002557f9daaf0 6074       1       org.gradle.internal.component.external.model.DefaultModuleComponentSelector::getAttributes (5 bytes)
Event: 9.908 Thread 0x000002557f9daaf0 nmethod 6074 0x0000025576c5c790 code [0x0000025576c5c920, 0x0000025576c5c9e8]
Event: 9.908 Thread 0x000002557f9daaf0 6075       1       org.gradle.internal.component.external.model.DefaultModuleComponentSelector::getCapabilitySelectors (5 bytes)
Event: 10.907 Thread 0x000002557f9daaf0 nmethod 6075 0x0000025576c5ca90 code [0x0000025576c5cc20, 0x0000025576c5cce8]

GC Heap History (20 events):
Event: 4.252 GC heap before
{Heap before GC invocations=6 (full 0):
 garbage-first heap   total 71680K, used 55064K [0x0000000080000000, 0x0000000100000000)
  region size 1024K, 38 young (38912K), 5 survivors (5120K)
 Metaspace       used 32148K, committed 32896K, reserved 491520K
  class space    used 4207K, committed 4544K, reserved 425984K
}
Event: 4.260 GC heap after
{Heap after GC invocations=7 (full 0):
 garbage-first heap   total 71680K, used 24972K [0x0000000080000000, 0x0000000100000000)
  region size 1024K, 5 young (5120K), 5 survivors (5120K)
 Metaspace       used 32148K, committed 32896K, reserved 491520K
  class space    used 4207K, committed 4544K, reserved 425984K
}
Event: 4.627 GC heap before
{Heap before GC invocations=7 (full 0):
 garbage-first heap   total 71680K, used 45452K [0x0000000080000000, 0x0000000100000000)
  region size 1024K, 26 young (26624K), 5 survivors (5120K)
 Metaspace       used 35108K, committed 35968K, reserved 491520K
  class space    used 4675K, committed 5056K, reserved 425984K
}
Event: 4.631 GC heap after
{Heap after GC invocations=8 (full 0):
 garbage-first heap   total 71680K, used 25837K [0x0000000080000000, 0x0000000100000000)
  region size 1024K, 2 young (2048K), 2 survivors (2048K)
 Metaspace       used 35108K, committed 35968K, reserved 491520K
  class space    used 4675K, committed 5056K, reserved 425984K
}
Event: 5.161 GC heap before
{Heap before GC invocations=9 (full 0):
 garbage-first heap   total 71680K, used 57581K [0x0000000080000000, 0x0000000100000000)
  region size 1024K, 34 young (34816K), 2 survivors (2048K)
 Metaspace       used 42114K, committed 43008K, reserved 491520K
  class space    used 5494K, committed 5952K, reserved 425984K
}
Event: 5.165 GC heap after
{Heap after GC invocations=10 (full 0):
 garbage-first heap   total 86016K, used 29193K [0x0000000080000000, 0x0000000100000000)
  region size 1024K, 5 young (5120K), 5 survivors (5120K)
 Metaspace       used 42114K, committed 43008K, reserved 491520K
  class space    used 5494K, committed 5952K, reserved 425984K
}
Event: 5.810 GC heap before
{Heap before GC invocations=10 (full 0):
 garbage-first heap   total 86016K, used 74249K [0x0000000080000000, 0x0000000100000000)
  region size 1024K, 45 young (46080K), 5 survivors (5120K)
 Metaspace       used 45834K, committed 46848K, reserved 491520K
  class space    used 5979K, committed 6464K, reserved 425984K
}
Event: 5.816 GC heap after
{Heap after GC invocations=11 (full 0):
 garbage-first heap   total 86016K, used 31873K [0x0000000080000000, 0x0000000100000000)
  region size 1024K, 4 young (4096K), 4 survivors (4096K)
 Metaspace       used 45834K, committed 46848K, reserved 491520K
  class space    used 5979K, committed 6464K, reserved 425984K
}
Event: 6.562 GC heap before
{Heap before GC invocations=11 (full 0):
 garbage-first heap   total 86016K, used 72833K [0x0000000080000000, 0x0000000100000000)
  region size 1024K, 44 young (45056K), 4 survivors (4096K)
 Metaspace       used 50813K, committed 52224K, reserved 491520K
  class space    used 6778K, committed 7488K, reserved 425984K
}
Event: 6.566 GC heap after
{Heap after GC invocations=12 (full 0):
 garbage-first heap   total 86016K, used 34514K [0x0000000080000000, 0x0000000100000000)
  region size 1024K, 6 young (6144K), 6 survivors (6144K)
 Metaspace       used 50813K, committed 52224K, reserved 491520K
  class space    used 6778K, committed 7488K, reserved 425984K
}
Event: 7.004 GC heap before
{Heap before GC invocations=12 (full 0):
 garbage-first heap   total 86016K, used 75474K [0x0000000080000000, 0x0000000100000000)
  region size 1024K, 45 young (46080K), 6 survivors (6144K)
 Metaspace       used 53325K, committed 54784K, reserved 491520K
  class space    used 7041K, committed 7808K, reserved 425984K
}
Event: 7.008 GC heap after
{Heap after GC invocations=13 (full 0):
 garbage-first heap   total 86016K, used 36490K [0x0000000080000000, 0x0000000100000000)
  region size 1024K, 5 young (5120K), 5 survivors (5120K)
 Metaspace       used 53325K, committed 54784K, reserved 491520K
  class space    used 7041K, committed 7808K, reserved 425984K
}
Event: 7.827 GC heap before
{Heap before GC invocations=13 (full 0):
 garbage-first heap   total 86016K, used 75402K [0x0000000080000000, 0x0000000100000000)
  region size 1024K, 43 young (44032K), 5 survivors (5120K)
 Metaspace       used 57823K, committed 59392K, reserved 491520K
  class space    used 7754K, committed 8512K, reserved 425984K
}
Event: 7.832 GC heap after
{Heap after GC invocations=14 (full 0):
 garbage-first heap   total 86016K, used 38073K [0x0000000080000000, 0x0000000100000000)
  region size 1024K, 4 young (4096K), 4 survivors (4096K)
 Metaspace       used 57823K, committed 59392K, reserved 491520K
  class space    used 7754K, committed 8512K, reserved 425984K
}
Event: 7.993 GC heap before
{Heap before GC invocations=14 (full 0):
 garbage-first heap   total 86016K, used 44217K [0x0000000080000000, 0x0000000100000000)
  region size 1024K, 11 young (11264K), 4 survivors (4096K)
 Metaspace       used 58588K, committed 60096K, reserved 491520K
  class space    used 7887K, committed 8640K, reserved 425984K
}
Event: 7.997 GC heap after
{Heap after GC invocations=15 (full 0):
 garbage-first heap   total 86016K, used 38749K [0x0000000080000000, 0x0000000100000000)
  region size 1024K, 3 young (3072K), 3 survivors (3072K)
 Metaspace       used 58588K, committed 60096K, reserved 491520K
  class space    used 7887K, committed 8640K, reserved 425984K
}
Event: 8.663 GC heap before
{Heap before GC invocations=16 (full 0):
 garbage-first heap   total 86016K, used 76637K [0x0000000080000000, 0x0000000100000000)
  region size 1024K, 40 young (40960K), 3 survivors (3072K)
 Metaspace       used 63118K, committed 64704K, reserved 491520K
  class space    used 8536K, committed 9280K, reserved 425984K
}
Event: 8.667 GC heap after
{Heap after GC invocations=17 (full 0):
 garbage-first heap   total 86016K, used 41025K [0x0000000080000000, 0x0000000100000000)
  region size 1024K, 5 young (5120K), 5 survivors (5120K)
 Metaspace       used 63118K, committed 64704K, reserved 491520K
  class space    used 8536K, committed 9280K, reserved 425984K
}
Event: 9.419 GC heap before
{Heap before GC invocations=17 (full 0):
 garbage-first heap   total 86016K, used 74817K [0x0000000080000000, 0x0000000100000000)
  region size 1024K, 38 young (38912K), 5 survivors (5120K)
 Metaspace       used 67344K, committed 69120K, reserved 491520K
  class space    used 9206K, committed 10112K, reserved 425984K
}
Event: 9.423 GC heap after
{Heap after GC invocations=18 (full 0):
 garbage-first heap   total 86016K, used 43180K [0x0000000080000000, 0x0000000100000000)
  region size 1024K, 5 young (5120K), 5 survivors (5120K)
 Metaspace       used 67344K, committed 69120K, reserved 491520K
  class space    used 9206K, committed 10112K, reserved 425984K
}

Dll operation events (3 events):
Event: 0.009 Loaded shared library C:\Program Files\Android\Android Studio\jbr\bin\java.dll
Event: 0.014 Loaded shared library C:\Program Files\Android\Android Studio\jbr\bin\zip.dll
Event: 0.606 Loaded shared library C:\Program Files\Android\Android Studio\jbr\bin\verify.dll

Deoptimization events (20 events):
Event: 9.385 Thread 0x0000025509b9aba0 DEOPT PACKING pc=0x0000025576b1778c sp=0x000000730cdf65d0
Event: 9.385 Thread 0x0000025509b9aba0 DEOPT UNPACKING pc=0x00000255763a46a2 sp=0x000000730cdf6528 mode 2
Event: 9.463 Thread 0x0000025509b9aba0 Uncommon trap: trap_request=0xffffff45 fr.pc=0x000002557691aa28 relative=0x0000000000000108
Event: 9.463 Thread 0x0000025509b9aba0 Uncommon trap: reason=unstable_if action=reinterpret pc=0x000002557691aa28 method=org.objectweb.asm.ByteVector.putShort(I)Lorg/objectweb/asm/ByteVector; @ 13 c2
Event: 9.463 Thread 0x0000025509b9aba0 DEOPT PACKING pc=0x000002557691aa28 sp=0x000000730cdf62d0
Event: 9.463 Thread 0x0000025509b9aba0 DEOPT UNPACKING pc=0x00000255763a46a2 sp=0x000000730cdf6268 mode 2
Event: 9.463 Thread 0x0000025509b9aba0 Uncommon trap: trap_request=0xffffff45 fr.pc=0x0000025576c4bd20 relative=0x0000000000000920
Event: 9.463 Thread 0x0000025509b9aba0 Uncommon trap: reason=unstable_if action=reinterpret pc=0x0000025576c4bd20 method=org.objectweb.asm.MethodWriter.visitLabel(Lorg/objectweb/asm/Label;)V @ 37 c2
Event: 9.463 Thread 0x0000025509b9aba0 DEOPT PACKING pc=0x0000025576c4bd20 sp=0x000000730cdf6050
Event: 9.463 Thread 0x0000025509b9aba0 DEOPT UNPACKING pc=0x00000255763a46a2 sp=0x000000730cdf6050 mode 2
Event: 9.463 Thread 0x0000025509b9aba0 Uncommon trap: trap_request=0xffffff45 fr.pc=0x0000025576bdb408 relative=0x0000000000000408
Event: 9.463 Thread 0x0000025509b9aba0 Uncommon trap: reason=unstable_if action=reinterpret pc=0x0000025576bdb408 method=org.objectweb.asm.MethodWriter.visitVarInsn(II)V @ 108 c2
Event: 9.463 Thread 0x0000025509b9aba0 DEOPT PACKING pc=0x0000025576bdb408 sp=0x000000730cdf6100
Event: 9.463 Thread 0x0000025509b9aba0 DEOPT UNPACKING pc=0x00000255763a46a2 sp=0x000000730cdf60b8 mode 2
Event: 9.466 Thread 0x0000025509b9aba0 DEOPT PACKING pc=0x000002556f7009f8 sp=0x000000730cdf62a0
Event: 9.466 Thread 0x0000025509b9aba0 DEOPT UNPACKING pc=0x00000255763a4e42 sp=0x000000730cdf5788 mode 0
Event: 9.867 Thread 0x0000025509b9aba0 Uncommon trap: trap_request=0xffffffc6 fr.pc=0x0000025576ace05c relative=0x00000000000002fc
Event: 9.867 Thread 0x0000025509b9aba0 Uncommon trap: reason=bimorphic_or_optimized_type_check action=maybe_recompile pc=0x0000025576ace05c method=com.google.common.base.CharMatcher.indexIn(Ljava/lang/CharSequence;I)I @ 31 c2
Event: 9.867 Thread 0x0000025509b9aba0 DEOPT PACKING pc=0x0000025576ace05c sp=0x000000730cdf6a90
Event: 9.867 Thread 0x0000025509b9aba0 DEOPT UNPACKING pc=0x00000255763a46a2 sp=0x000000730cdf6a38 mode 2

Classes loaded (20 events):
Event: 9.846 Loading class jdk/internal/logger/LoggerFinderLoader
Event: 9.846 Loading class jdk/internal/logger/LoggerFinderLoader done
Event: 9.847 Loading class jdk/internal/logger/LoggerFinderLoader$TemporaryLoggerFinder
Event: 9.847 Loading class jdk/internal/logger/LoggerFinderLoader$TemporaryLoggerFinder done
Event: 9.847 Loading class sun/util/logging/internal/LoggingProviderImpl$JULWrapper
Event: 9.848 Loading class sun/util/logging/PlatformLogger$ConfigurableBridge$LoggerConfiguration
Event: 9.848 Loading class sun/util/logging/PlatformLogger$ConfigurableBridge$LoggerConfiguration done
Event: 9.848 Loading class sun/util/logging/internal/LoggingProviderImpl$JULWrapper done
Event: 9.848 Loading class java/io/ObjectInputFilter$Config$BuiltinFilterFactory
Event: 9.848 Loading class java/io/ObjectInputFilter$Config$BuiltinFilterFactory done
Event: 9.849 Loading class jdk/internal/access/JavaObjectInputFilterAccess
Event: 9.849 Loading class jdk/internal/access/JavaObjectInputFilterAccess done
Event: 9.849 Loading class java/lang/System$Logger$Level
Event: 9.849 Loading class java/lang/System$Logger$Level done
Event: 9.849 Loading class jdk/internal/event/DeserializationEvent
Event: 9.849 Loading class jdk/internal/event/DeserializationEvent done
Event: 9.850 Loading class java/io/ObjectInputStream$FieldValues
Event: 9.850 Loading class java/io/ObjectInputStream$GetField
Event: 9.850 Loading class java/io/ObjectInputStream$GetField done
Event: 9.850 Loading class java/io/ObjectInputStream$FieldValues done

Classes unloaded (0 events):
No events

Classes redefined (0 events):
No events

Internal exceptions (20 events):
Event: 9.197 Thread 0x0000025509c38c50 Exception <a 'java/lang/NoSuchMethodError'{0x0000000083b215e8}: static Lorg/gradle/internal/build/event/types/DefaultOperationStartedProgressEvent;.<clinit>()V> (0x0000000083b215e8) 
thrown [s\src\hotspot\share\prims\jni.cpp, line 1135]
Event: 9.198 Thread 0x0000025509c38c50 Exception <a 'java/lang/NoSuchMethodError'{0x0000000083b23f60}: static Lorg/gradle/internal/build/event/types/AbstractProgressEvent;.<clinit>()V> (0x0000000083b23f60) 
thrown [s\src\hotspot\share\prims\jni.cpp, line 1135]
Event: 9.200 Thread 0x0000025509c38c50 Exception <a 'java/lang/NoSuchMethodError'{0x0000000083b37d88}: static Lorg/gradle/internal/build/event/types/DefaultProjectConfigurationDescriptor;.<clinit>()V> (0x0000000083b37d88) 
thrown [s\src\hotspot\share\prims\jni.cpp, line 1135]
Event: 9.200 Thread 0x0000025509c38c50 Exception <a 'java/lang/NoSuchMethodError'{0x0000000083b3aa20}: static Lorg/gradle/internal/build/event/types/DefaultOperationDescriptor;.<clinit>()V> (0x0000000083b3aa20) 
thrown [s\src\hotspot\share\prims\jni.cpp, line 1135]
Event: 9.201 Thread 0x0000025509c38c50 Exception <a 'java/lang/NoSuchMethodError'{0x0000000083b3fcc0}: 'long java.lang.invoke.DirectMethodHandle$Holder.invokeSpecial(java.lang.Object, java.lang.Object)'> (0x0000000083b3fcc0) 
thrown [s\src\hotspot\share\interpreter\linkResolver.cpp, line 784]
Event: 9.204 Thread 0x0000025509c38c50 Exception <a 'java/lang/NoSuchMethodError'{0x0000000083b43820}: 'long java.lang.invoke.Invokers$Holder.invokeExact_MT(java.lang.Object, java.lang.Object)'> (0x0000000083b43820) 
thrown [s\src\hotspot\share\interpreter\linkResolver.cpp, line 784]
Event: 9.207 Thread 0x0000025509c38c50 Exception <a 'java/lang/NoSuchMethodError'{0x0000000083b5d748}: static Lorg/gradle/internal/operations/OperationIdentifier;.<clinit>()V> (0x0000000083b5d748) 
thrown [s\src\hotspot\share\prims\jni.cpp, line 1135]
Event: 9.381 Thread 0x0000025509b9aba0 Exception <a 'java/lang/NoSuchMethodError'{0x0000000083435fe0}: 'long java.lang.invoke.DirectMethodHandle$Holder.invokeStatic(java.lang.Object, long)'> (0x0000000083435fe0) 
thrown [s\src\hotspot\share\interpreter\linkResolver.cpp, line 784]
Event: 9.463 Thread 0x0000025509b9aba0 Implicit null exception at 0x0000025576bdb0c3 to 0x0000025576bdb3fc
Event: 9.516 Thread 0x0000025509b9aba0 Exception <a 'java/lang/NoSuchMethodError'{0x0000000085bf49b0}: 'java.lang.Object java.lang.invoke.DirectMethodHandle$Holder.invokeVirtual(java.lang.Object, java.lang.Object, java.lang.Object, java.lang.Object, java.lang.Object, java.lang.Object, java.lang.Object, java.lang.Object, java.lang.Object, java.lang.Object, java.lang.Object, java.lang.Object, java.lang.Object, java.lang.Object, java.lang.Object, java.lang.Object, java.lang.Object)'> (0x0000000085bf49b0) 
thrown [s\src\hotspot\share\interpreter\li
Event: 9.517 Thread 0x0000025509b9aba0 Exception <a 'java/lang/NoSuchMethodError'{0x0000000085bfae40}: 'java.lang.Object java.lang.invoke.DirectMethodHandle$Holder.invokeSpecial(java.lang.Object, java.lang.Object, java.lang.Object, java.lang.Object, java.lang.Object, java.lang.Object, java.lang.Object, java.lang.Object, java.lang.Object, java.lang.Object, java.lang.Object, java.lang.Object, java.lang.Object, java.lang.Object, java.lang.Object, java.lang.Object, java.lang.Object, java.lang.Object)'> (0x0000000085bfae40) 
thrown [s\src\hotspot\sh
Event: 9.517 Thread 0x0000025509b9aba0 Exception <a 'java/lang/NoSuchMethodError'{0x0000000085a00c68}: 'java.lang.Object java.lang.invoke.DelegatingMethodHandle$Holder.reinvoke_L(java.lang.Object, java.lang.Object, java.lang.Object, java.lang.Object, java.lang.Object, java.lang.Object, java.lang.Object, java.lang.Object, java.lang.Object, java.lang.Object, java.lang.Object, java.lang.Object, java.lang.Object, java.lang.Object, java.lang.Object, java.lang.Object, java.lang.Object)'> (0x0000000085a00c68) 
thrown [s\src\hotspot\share\interpreter\l
Event: 9.819 Thread 0x0000025509b9aba0 Exception <a 'java/lang/NoSuchMethodError'{0x00000000849a67e0}: static Lorg/gradle/api/internal/catalog/DefaultVersionCatalog;.<clinit>()V> (0x00000000849a67e0) 
thrown [s\src\hotspot\share\prims\jni.cpp, line 1135]
Event: 9.826 Thread 0x0000025509b9aba0 Exception <a 'java/lang/NoSuchMethodError'{0x00000000849e82d0}: static [Ljava/lang/Object;.<clinit>()V> (0x00000000849e82d0) 
thrown [s\src\hotspot\share\prims\jni.cpp, line 1135]
Event: 9.827 Thread 0x0000025509b9aba0 Exception <a 'java/lang/NoSuchMethodError'{0x0000000084816d28}: static Lorg/gradle/api/internal/catalog/DependencyModel;.<clinit>()V> (0x0000000084816d28) 
thrown [s\src\hotspot\share\prims\jni.cpp, line 1135]
Event: 9.828 Thread 0x0000025509b9aba0 Exception <a 'java/lang/NoSuchMethodError'{0x000000008481b220}: static Lorg/gradle/api/internal/catalog/AbstractContextAwareModel;.<clinit>()V> (0x000000008481b220) 
thrown [s\src\hotspot\share\prims\jni.cpp, line 1135]
Event: 9.829 Thread 0x0000025509b9aba0 Exception <a 'java/lang/NoSuchMethodError'{0x0000000084838d78}: static Lorg/gradle/api/internal/artifacts/dependencies/AbstractVersionConstraint;.<clinit>()V> (0x0000000084838d78) 
thrown [s\src\hotspot\share\prims\jni.cpp, line 1135]
Event: 9.838 Thread 0x0000025509b9aba0 Exception <a 'java/lang/NoSuchMethodError'{0x000000008470f520}: static Lorg/gradle/api/internal/catalog/PluginModel;.<clinit>()V> (0x000000008470f520) 
thrown [s\src\hotspot\share\prims\jni.cpp, line 1135]
Event: 9.839 Thread 0x0000025509b9aba0 Exception <a 'java/lang/NoSuchMethodError'{0x000000008472b060}: static Lorg/gradle/api/internal/catalog/VersionModel;.<clinit>()V> (0x000000008472b060) 
thrown [s\src\hotspot\share\prims\jni.cpp, line 1135]
Event: 9.842 Thread 0x0000025509b9aba0 Exception <a 'java/lang/NoSuchMethodError'{0x0000000084743730}: 'void java.lang.invoke.DirectMethodHandle$Holder.invokeSpecial(java.lang.Object, java.lang.Object, java.lang.Object, int)'> (0x0000000084743730) 
thrown [s\src\hotspot\share\interpreter\linkResolver.cpp, line 784]

ZGC Phase Switch (0 events):
No events

VM Operations (20 events):
Event: 7.827 Executing VM operation: G1CollectForAllocation (G1 Evacuation Pause)
Event: 7.832 Executing VM operation: G1CollectForAllocation (G1 Evacuation Pause) done
Event: 7.873 Executing VM operation: HandshakeAllThreads (Deoptimize)
Event: 7.874 Executing VM operation: HandshakeAllThreads (Deoptimize) done
Event: 7.970 Executing VM operation: HandshakeAllThreads (Deoptimize)
Event: 7.970 Executing VM operation: HandshakeAllThreads (Deoptimize) done
Event: 7.993 Executing VM operation: CollectForMetadataAllocation (Metadata GC Threshold)
Event: 7.997 Executing VM operation: CollectForMetadataAllocation (Metadata GC Threshold) done
Event: 8.015 Executing VM operation: G1PauseRemark
Event: 8.020 Executing VM operation: G1PauseRemark done
Event: 8.028 Executing VM operation: G1PauseCleanup
Event: 8.028 Executing VM operation: G1PauseCleanup done
Event: 8.663 Executing VM operation: G1CollectForAllocation (G1 Evacuation Pause)
Event: 8.667 Executing VM operation: G1CollectForAllocation (G1 Evacuation Pause) done
Event: 9.089 Executing VM operation: HandshakeAllThreads (Deoptimize)
Event: 9.089 Executing VM operation: HandshakeAllThreads (Deoptimize) done
Event: 9.120 Executing VM operation: ICBufferFull
Event: 9.120 Executing VM operation: ICBufferFull done
Event: 9.418 Executing VM operation: G1CollectForAllocation (G1 Evacuation Pause)
Event: 9.423 Executing VM operation: G1CollectForAllocation (G1 Evacuation Pause) done

Memory protections (0 events):
No events

Nmethod flushes (20 events):
Event: 8.019 Thread 0x000002557f7eaf70 flushing  nmethod 0x0000025576a10510
Event: 8.019 Thread 0x000002557f7eaf70 flushing  nmethod 0x0000025576a15410
Event: 8.019 Thread 0x000002557f7eaf70 flushing  nmethod 0x0000025576ad0990
Event: 8.019 Thread 0x000002557f7eaf70 flushing  nmethod 0x000002556ef74e90
Event: 8.019 Thread 0x000002557f7eaf70 flushing  nmethod 0x000002556efa6390
Event: 8.019 Thread 0x000002557f7eaf70 flushing  nmethod 0x000002556f055b10
Event: 8.019 Thread 0x000002557f7eaf70 flushing  nmethod 0x000002556f056510
Event: 8.019 Thread 0x000002557f7eaf70 flushing  nmethod 0x000002556f058810
Event: 8.019 Thread 0x000002557f7eaf70 flushing  nmethod 0x000002556f059b90
Event: 8.019 Thread 0x000002557f7eaf70 flushing  nmethod 0x000002556f1b9710
Event: 8.019 Thread 0x000002557f7eaf70 flushing  nmethod 0x000002556f242b90
Event: 8.019 Thread 0x000002557f7eaf70 flushing  nmethod 0x000002556f2bb810
Event: 8.019 Thread 0x000002557f7eaf70 flushing  nmethod 0x000002556f304e90
Event: 8.019 Thread 0x000002557f7eaf70 flushing  nmethod 0x000002556f30c910
Event: 8.019 Thread 0x000002557f7eaf70 flushing  nmethod 0x000002557691b210
Event: 8.019 Thread 0x000002557f7eaf70 flushing  nmethod 0x000002556f1d7b90
Event: 8.019 Thread 0x000002557f7eaf70 flushing  nmethod 0x000002556f1d8490
Event: 8.019 Thread 0x000002557f7eaf70 flushing  nmethod 0x000002556f1db610
Event: 8.019 Thread 0x000002557f7eaf70 flushing  nmethod 0x000002556f27a010
Event: 8.019 Thread 0x000002557f7eaf70 flushing  nmethod 0x000002556f30e490

Events (20 events):
Event: 3.147 Thread 0x000002557f9daaf0 Thread added: 0x000002550aba7740
Event: 4.247 Thread 0x0000025509b9aba0 Thread added: 0x0000025509c3a690
Event: 4.284 Thread 0x0000025509b9aba0 Thread added: 0x0000025509c392e0
Event: 4.534 Thread 0x0000025509b9aba0 Thread added: 0x0000025509c39970
Event: 4.541 Thread 0x0000025509b9aba0 Thread added: 0x0000025509c3ad20
Event: 5.572 Thread 0x0000025509b9aba0 Thread added: 0x000002550b210570
Event: 5.706 Thread 0x0000025509b9aba0 Thread added: 0x000002550b212640
Event: 5.729 Thread 0x0000025509b9aba0 Thread added: 0x000002550b20f850
Event: 6.293 Thread 0x0000025509b9aba0 Thread added: 0x000002550b211fb0
Event: 6.351 Thread 0x0000025509b9aba0 Thread added: 0x000002550b20f1c0
Event: 6.596 Thread 0x0000025509b9aba0 Thread added: 0x000002550b210c00
Event: 7.958 Thread 0x0000025509b9aba0 Thread added: 0x000002550eab7600
Event: 7.958 Thread 0x0000025509b9aba0 Thread added: 0x000002550eab68e0
Event: 8.047 Thread 0x0000025509b9aba0 Thread added: 0x000002550eab8320
Event: 8.051 Thread 0x0000025509b9aba0 Thread added: 0x000002550eab6f70
Event: 8.109 Thread 0x0000025509b9aba0 Thread added: 0x000002550eab7c90
Event: 8.111 Thread 0x0000025509b9aba0 Thread added: 0x000002550eab89b0
Event: 9.117 Thread 0x000002550aba7740 Thread exited: 0x000002550aba7740
Event: 9.117 Thread 0x000002557fd39540 Thread exited: 0x000002557fd39540
Event: 9.320 Thread 0x000002557f9daaf0 Thread added: 0x0000025509c06150


Dynamic libraries:
0x00007ff7ca720000 - 0x00007ff7ca72a000 	C:\Program Files\Android\Android Studio\jbr\bin\java.exe
0x00007ff9e0d80000 - 0x00007ff9e0fe0000 	C:\WINDOWS\SYSTEM32\ntdll.dll
0x00007ff9dffd0000 - 0x00007ff9e0097000 	C:\WINDOWS\System32\KERNEL32.DLL
0x00007ff9de7b0000 - 0x00007ff9deb7b000 	C:\WINDOWS\System32\KERNELBASE.dll
0x00007ff9de4f0000 - 0x00007ff9de63b000 	C:\WINDOWS\System32\ucrtbase.dll
0x00007ff9ae600000 - 0x00007ff9ae618000 	C:\Program Files\Android\Android Studio\jbr\bin\jli.dll
0x00007ff9d2e00000 - 0x00007ff9d2e1b000 	C:\Program Files\Android\Android Studio\jbr\bin\VCRUNTIME140.dll
0x00007ff9deb80000 - 0x00007ff9ded4c000 	C:\WINDOWS\System32\USER32.dll
0x00007ff9c0eb0000 - 0x00007ff9c1147000 	C:\WINDOWS\WinSxS\amd64_microsoft.windows.common-controls_6595b64144ccf1df_6.0.26100.3624_none_3e086962e3345f24\COMCTL32.dll
0x00007ff9ddf60000 - 0x00007ff9ddf87000 	C:\WINDOWS\System32\win32u.dll
0x00007ff9e0190000 - 0x00007ff9e0239000 	C:\WINDOWS\System32\msvcrt.dll
0x00007ff9e0360000 - 0x00007ff9e038a000 	C:\WINDOWS\System32\GDI32.dll
0x00007ff9de030000 - 0x00007ff9de161000 	C:\WINDOWS\System32\gdi32full.dll
0x00007ff9de170000 - 0x00007ff9de213000 	C:\WINDOWS\System32\msvcp_win.dll
0x00007ff9ded50000 - 0x00007ff9ded7f000 	C:\WINDOWS\System32\IMM32.DLL
0x00007ff9d4880000 - 0x00007ff9d488c000 	C:\Program Files\Android\Android Studio\jbr\bin\vcruntime140_1.dll
0x00007ff974ca0000 - 0x00007ff974d2d000 	C:\Program Files\Android\Android Studio\jbr\bin\msvcp140.dll
0x00007ff915ff0000 - 0x00007ff916c7a000 	C:\Program Files\Android\Android Studio\jbr\bin\server\jvm.dll
0x00007ff9df1e0000 - 0x00007ff9df293000 	C:\WINDOWS\System32\ADVAPI32.dll
0x00007ff9df2a0000 - 0x00007ff9df346000 	C:\WINDOWS\System32\sechost.dll
0x00007ff9dee40000 - 0x00007ff9def56000 	C:\WINDOWS\System32\RPCRT4.dll
0x00007ff9df360000 - 0x00007ff9df3d4000 	C:\WINDOWS\System32\WS2_32.dll
0x00007ff9ddde0000 - 0x00007ff9dde3e000 	C:\WINDOWS\SYSTEM32\POWRPROF.dll
0x00007ff9d6c20000 - 0x00007ff9d6c56000 	C:\WINDOWS\SYSTEM32\WINMM.dll
0x00007ff9d6c60000 - 0x00007ff9d6c6b000 	C:\WINDOWS\SYSTEM32\VERSION.dll
0x00007ff9dddc0000 - 0x00007ff9dddd4000 	C:\WINDOWS\SYSTEM32\UMPDC.dll
0x00007ff9dcd70000 - 0x00007ff9dcd8a000 	C:\WINDOWS\SYSTEM32\kernel.appcore.dll
0x00007ff9d4520000 - 0x00007ff9d452a000 	C:\Program Files\Android\Android Studio\jbr\bin\jimage.dll
0x00007ff9d0490000 - 0x00007ff9d06d1000 	C:\WINDOWS\SYSTEM32\DBGHELP.DLL
0x00007ff9dfa60000 - 0x00007ff9dfde3000 	C:\WINDOWS\System32\combase.dll
0x00007ff9e0c30000 - 0x00007ff9e0d06000 	C:\WINDOWS\System32\OLEAUT32.dll
0x00007ff98f9f0000 - 0x00007ff98fa29000 	C:\WINDOWS\SYSTEM32\dbgcore.DLL
0x00007ff9ddf90000 - 0x00007ff9de029000 	C:\WINDOWS\System32\bcryptPrimitives.dll
0x00007ff9b6500000 - 0x00007ff9b650e000 	C:\Program Files\Android\Android Studio\jbr\bin\instrument.dll
0x00007ff9c07c0000 - 0x00007ff9c07e0000 	C:\Program Files\Android\Android Studio\jbr\bin\java.dll
0x00007ff9b5400000 - 0x00007ff9b5418000 	C:\Program Files\Android\Android Studio\jbr\bin\zip.dll
0x00007ff9e0390000 - 0x00007ff9e0ab9000 	C:\WINDOWS\System32\SHELL32.dll
0x00007ff9de640000 - 0x00007ff9de7a8000 	C:\WINDOWS\System32\wintypes.dll
0x00007ff9dbbd0000 - 0x00007ff9dc422000 	C:\WINDOWS\SYSTEM32\windows.storage.dll
0x00007ff9e00a0000 - 0x00007ff9e018d000 	C:\WINDOWS\System32\SHCORE.dll
0x00007ff9df170000 - 0x00007ff9df1d4000 	C:\WINDOWS\System32\shlwapi.dll
0x00007ff9dde70000 - 0x00007ff9dde9f000 	C:\WINDOWS\SYSTEM32\profapi.dll
0x00007ff9cbb40000 - 0x00007ff9cbb50000 	C:\Program Files\Android\Android Studio\jbr\bin\net.dll
0x00007ff9d3e70000 - 0x00007ff9d3f8d000 	C:\WINDOWS\SYSTEM32\WINHTTP.dll
0x00007ff9dd290000 - 0x00007ff9dd2fa000 	C:\WINDOWS\system32\mswsock.dll
0x00007ff9aea40000 - 0x00007ff9aea56000 	C:\Program Files\Android\Android Studio\jbr\bin\nio.dll
0x00007ff9ba330000 - 0x00007ff9ba340000 	C:\Program Files\Android\Android Studio\jbr\bin\verify.dll
0x00007ff9bf300000 - 0x00007ff9bf327000 	C:\Users\ganes\.gradle\native\1def1411415f61bf3af743bc5b6707747c0891f09f0c88961ee8f79bc544acac\windows-amd64\native-platform.dll
0x00007ff9a6ac0000 - 0x00007ff9a6b38000 	C:\Users\ganes\.gradle\native\0.2.7\x86_64-windows-gnu\gradle-fileevents.dll
0x00007ff9c17a0000 - 0x00007ff9c17a9000 	C:\Program Files\Android\Android Studio\jbr\bin\management.dll
0x00007ff9c0580000 - 0x00007ff9c058b000 	C:\Program Files\Android\Android Studio\jbr\bin\management_ext.dll
0x00007ff9df350000 - 0x00007ff9df358000 	C:\WINDOWS\System32\PSAPI.DLL
0x00007ff9dc810000 - 0x00007ff9dc843000 	C:\WINDOWS\SYSTEM32\IPHLPAPI.DLL
0x00007ff9e0c20000 - 0x00007ff9e0c2a000 	C:\WINDOWS\System32\NSI.dll
0x00007ff9c2220000 - 0x00007ff9c2229000 	C:\Program Files\Android\Android Studio\jbr\bin\extnet.dll
0x00007ff9dd530000 - 0x00007ff9dd54c000 	C:\WINDOWS\SYSTEM32\CRYPTSP.dll
0x00007ff9dccd0000 - 0x00007ff9dcd0a000 	C:\WINDOWS\system32\rsaenh.dll
0x00007ff9dd330000 - 0x00007ff9dd35b000 	C:\WINDOWS\SYSTEM32\USERENV.dll
0x00007ff9dd770000 - 0x00007ff9dd796000 	C:\WINDOWS\SYSTEM32\bcrypt.dll
0x00007ff9dd550000 - 0x00007ff9dd55c000 	C:\WINDOWS\SYSTEM32\CRYPTBASE.dll
0x00007ff99cce0000 - 0x00007ff99cce8000 	C:\WINDOWS\system32\wshunix.dll

dbghelp: loaded successfully - version: 4.0.5 - missing functions: none
symbol engine: initialized successfully - sym options: 0x614 - pdb path: .;C:\Program Files\Android\Android Studio\jbr\bin;C:\WINDOWS\SYSTEM32;C:\WINDOWS\WinSxS\amd64_microsoft.windows.common-controls_6595b64144ccf1df_6.0.26100.3624_none_3e086962e3345f24;C:\Program Files\Android\Android Studio\jbr\bin\server;C:\Users\ganes\.gradle\native\1def1411415f61bf3af743bc5b6707747c0891f09f0c88961ee8f79bc544acac\windows-amd64;C:\Users\ganes\.gradle\native\0.2.7\x86_64-windows-gnu

VM Arguments:
jvm_args: --add-opens=java.base/java.lang=ALL-UNNAMED --add-opens=java.base/java.lang.invoke=ALL-UNNAMED --add-opens=java.base/java.util=ALL-UNNAMED --add-opens=java.prefs/java.util.prefs=ALL-UNNAMED --add-exports=jdk.compiler/com.sun.tools.javac.api=ALL-UNNAMED --add-exports=jdk.compiler/com.sun.tools.javac.util=ALL-UNNAMED --add-opens=java.base/java.util=ALL-UNNAMED --add-opens=java.prefs/java.util.prefs=ALL-UNNAMED --add-opens=java.base/java.nio.charset=ALL-UNNAMED --add-opens=java.base/java.net=ALL-UNNAMED --add-opens=java.base/java.util.concurrent.atomic=ALL-UNNAMED --add-opens=java.xml/javax.xml.namespace=ALL-UNNAMED -XX:MaxMetaspaceSize=512m -Xmx2048m -Dfile.encoding=UTF-8 -Duser.country=IN -Duser.language=en -Duser.variant -javaagent:C:\Users\ganes\.gradle\wrapper\dists\gradle-8.13-bin\5xuhj0ry160q40clulazy9h7d\gradle-8.13\lib\agents\gradle-instrumentation-agent-8.13.jar 
java_command: org.gradle.launcher.daemon.bootstrap.GradleDaemon 8.13
java_class_path (initial): C:\Users\ganes\.gradle\wrapper\dists\gradle-8.13-bin\5xuhj0ry160q40clulazy9h7d\gradle-8.13\lib\gradle-daemon-main-8.13.jar
Launcher Type: SUN_STANDARD

[Global flags]
     intx CICompilerCount                          = 4                                         {product} {ergonomic}
   size_t CompressedClassSpaceSize                 = 436207616                                 {product} {ergonomic}
     uint ConcGCThreads                            = 3                                         {product} {ergonomic}
     uint G1ConcRefinementThreads                  = 10                                        {product} {ergonomic}
   size_t G1HeapRegionSize                         = 1048576                                   {product} {ergonomic}
    uintx GCDrainStackTargetSize                   = 64                                        {product} {ergonomic}
   size_t InitialHeapSize                          = 123731968                                 {product} {ergonomic}
   size_t MarkStackSize                            = 4194304                                   {product} {ergonomic}
   size_t MaxHeapSize                              = 2147483648                                {product} {command line}
   size_t MaxMetaspaceSize                         = 536870912                                 {product} {command line}
   size_t MaxNewSize                               = 1287651328                                {product} {ergonomic}
   size_t MinHeapDeltaBytes                        = 1048576                                   {product} {ergonomic}
   size_t MinHeapSize                              = 8388608                                   {product} {ergonomic}
    uintx NonNMethodCodeHeapSize                   = 5839372                                {pd product} {ergonomic}
    uintx NonProfiledCodeHeapSize                  = 122909434                              {pd product} {ergonomic}
    uintx ProfiledCodeHeapSize                     = 122909434                              {pd product} {ergonomic}
    uintx ReservedCodeCacheSize                    = 251658240                              {pd product} {ergonomic}
     bool SegmentedCodeCache                       = true                                      {product} {ergonomic}
   size_t SoftMaxHeapSize                          = 2147483648                             {manageable} {ergonomic}
     bool UseCompressedOops                        = true                           {product lp64_product} {ergonomic}
     bool UseG1GC                                  = true                                      {product} {ergonomic}
     bool UseLargePagesIndividualAllocation        = false                                  {pd product} {ergonomic}

Logging:
Log output configuration:
 #0: stdout all=warning uptime,level,tags foldmultilines=false
 #1: stderr all=off uptime,level,tags foldmultilines=false

Environment Variables:
PATH=C:\Program Files\Eclipse Adoptium\jdk-21.0.6.7-hotspot\bin;C:\Program Files\Microsoft\jdk-17.0.14.7-hotspot\bin;C:\windows\system32;C:\windows;C:\windows\System32\Wbem;C:\windows\System32\WindowsPowerShell\v1.0\;C:\windows\System32\OpenSSH\;C:\Program Files (x86)\NVIDIA Corporation\PhysX\Common;C:\Program Files\NVIDIA Corporation\NVIDIA NvDLISR;C:\WINDOWS\system32;C:\WINDOWS;C:\WINDOWS\System32\Wbem;C:\WINDOWS\System32\WindowsPowerShell\v1.0\;C:\WINDOWS\System32\OpenSSH\;C:\Program Files\Git\cmd;C:\Users\ganes\AppData\Local\Android\Sdk\platform-tools;C:\Users\ganes\AppData\Local\Android\Sdk\emulator;C:\Users\ganes\AppData\Local\Android\Sdk\tools;C:\Users\ganes\AppData\Local\Android\Sdk\tools\bin;C:\Users\ganes\AppData\Local\nvm;C:\nvm4w\nodejs;C:\Users\ganes\AppData\Local\Programs\Python\Python313\Scripts\;C:\Users\ganes\AppData\Local\Programs\Python\Python313\;C:\Users\ganes\AppData\Local\Programs\Python\Launcher\;C:\Users\ganes\AppData\Local\Microsoft\WindowsApps;C:\Users\ganes\AppData\Local\Programs\Microsoft VS Code\bin;C:\Users\ganes\AppData\Roaming\npm;%JAVA_HOME%\bin;C:\Users\ganes\AppData\Local\Programs\cursor\resources\app\bin;C:\Users\ganes\AppData\Local\nvm;C:\nvm4w\nodejs;C:\Program Files\nvm\;C:\Program Files\nodejs\;
USERNAME=ganes
OS=Windows_NT
PROCESSOR_IDENTIFIER=AMD64 Family 25 Model 80 Stepping 0, AuthenticAMD
TMP=C:\Users\ganes\AppData\Local\Temp
TEMP=C:\Users\ganes\AppData\Local\Temp




Periodic native trim disabled

JNI global refs:
JNI global refs: 28, weak refs: 10

JNI global refs memory usage: 835, weak refs: 833

Process memory usage:
Resident Set Size: 311100K (4% of 7698540K total physical memory with 723284K free physical memory)

OOME stack traces (most recent first):
Classloader memory used:
Loader org.gradle.internal.classloader.VisitableURLClassLoader                         : 35603K
Loader bootstrap                                                                       : 22960K
Loader org.gradle.initialization.MixInLegacyTypesClassLoader                           : 9257K
Loader jdk.internal.loader.ClassLoaders$PlatformClassLoader                            : 517K
Loader jdk.internal.loader.ClassLoaders$AppClassLoader                                 : 235K
Loader org.gradle.internal.classloader.VisitableURLClassLoader                         : 105K
Loader jdk.internal.reflect.DelegatingClassLoader                                      : 95736B
Loader org.gradle.internal.classloader.VisitableURLClassLoader$InstrumentingVisitableURLClassLoader: 40456B
Loader org.gradle.groovy.scripts.internal.DefaultScriptCompilationHandler$ScriptClassLoader: 23824B
Loader org.codehaus.groovy.runtime.callsite.CallSiteClassLoader                        : 3648B

Classes loaded by more than one classloader:
Class Program                                                                         : loaded 3 times (x 70B)
Class org.gradle.internal.classloader.ClassLoaderHierarchy                            : loaded 2 times (x 66B)
Class org.gradle.api.internal.classpath.ManifestUtil                                  : loaded 2 times (x 67B)
Class org.gradle.internal.classloader.DefaultClassLoaderFactory                       : loaded 2 times (x 78B)
Class org.gradle.internal.classloader.ClassLoaderVisitor                              : loaded 2 times (x 72B)
Class org.gradle.api.internal.classpath.EffectiveClassPath                            : loaded 2 times (x 86B)
Class org.gradle.api.internal.DefaultClassPathProvider                                : loaded 2 times (x 72B)
Class [Lorg.gradle.api.internal.ClassPathProvider;                                    : loaded 2 times (x 65B)
Class org.gradle.api.internal.ClassPathProvider                                       : loaded 2 times (x 66B)
Class org.gradle.internal.service.UnknownServiceException                             : loaded 2 times (x 79B)
Class org.gradle.internal.classpath.TransformedClassPath                              : loaded 2 times (x 92B)
Class org.gradle.internal.classloader.InstrumentingClassLoader                        : loaded 2 times (x 66B)
Class org.gradle.internal.service.ServiceLocator                                      : loaded 2 times (x 66B)
Class org.gradle.internal.InternalTransformer                                         : loaded 2 times (x 66B)
Class org.gradle.internal.classloader.ClasspathUtil$1                                 : loaded 2 times (x 72B)
Class org.gradle.api.internal.classpath.DefaultModuleRegistry$DefaultModule           : loaded 2 times (x 82B)
Class org.gradle.api.internal.classpath.Module                                        : loaded 2 times (x 66B)
Class org.gradle.api.internal.classpath.UnknownModuleException                        : loaded 2 times (x 78B)
Class org.gradle.api.internal.DefaultClassPathRegistry                                : loaded 2 times (x 72B)
Class org.gradle.api.internal.ClassPathRegistry                                       : loaded 2 times (x 66B)
Class org.gradle.internal.classpath.DefaultClassPath$ImmutableUniqueList              : loaded 2 times (x 195B)
Class org.gradle.internal.classloader.FilteringClassLoader                            : loaded 2 times (x 101B)
Class org.gradle.internal.classpath.ClassPath                                         : loaded 2 times (x 66B)
Class org.gradle.api.UncheckedIOException                                             : loaded 2 times (x 78B)
Class org.gradle.internal.installation.GradleInstallation$1                           : loaded 2 times (x 71B)
Class org.gradle.api.internal.classpath.ModuleRegistry                                : loaded 2 times (x 66B)
Class org.gradle.api.internal.classpath.DefaultModuleRegistry                         : loaded 2 times (x 82B)
Class org.gradle.internal.service.ServiceLookupException                              : loaded 2 times (x 78B)
Class org.gradle.internal.classloader.ClassLoaderFactory                              : loaded 2 times (x 66B)
Class org.gradle.internal.service.CachingServiceLocator                               : loaded 2 times (x 78B)
Class org.gradle.internal.classloader.ClasspathUtil                                   : loaded 2 times (x 67B)
Class org.gradle.api.specs.Spec                                                       : loaded 2 times (x 66B)
Class org.gradle.internal.classloader.VisitableURLClassLoader$InstrumentingVisitableURLClassLoader: loaded 2 times (x 119B)
Class org.gradle.internal.classloader.VisitableURLClassLoader$Spec                    : loaded 2 times (x 70B)
Class org.gradle.internal.classpath.DefaultClassPath                                  : loaded 2 times (x 86B)
Class org.gradle.internal.classloader.ClassLoaderSpec                                 : loaded 2 times (x 67B)
Class org.gradle.internal.classloader.VisitableURLClassLoader                         : loaded 2 times (x 113B)
Class Settings_gradle                                                                 : loaded 2 times (x 124B)
Class org.gradle.internal.Cast                                                        : loaded 2 times (x 67B)
Class org.gradle.api.Action                                                           : loaded 2 times (x 66B)
Class org.gradle.internal.classpath.DefaultClassPath$ImmutableUniqueList$Builder      : loaded 2 times (x 71B)
Class org.gradle.api.GradleException                                                  : loaded 2 times (x 78B)
Class org.gradle.internal.IoActions                                                   : loaded 2 times (x 67B)
Class org.gradle.internal.classloader.SystemClassLoaderSpec                           : loaded 2 times (x 67B)
Class org.gradle.api.internal.classpath.GlobalCacheRootsProvider                      : loaded 2 times (x 66B)
Class org.gradle.internal.installation.CurrentGradleInstallationLocator               : loaded 2 times (x 67B)
Class org.gradle.internal.service.DefaultServiceLocator                               : loaded 2 times (x 79B)
Class org.gradle.internal.installation.CurrentGradleInstallation                      : loaded 2 times (x 69B)
Class org.gradle.util.internal.GUtil                                                  : loaded 2 times (x 67B)
Class org.gradle.internal.installation.GradleInstallation                             : loaded 2 times (x 71B)

---------------  S Y S T E M  ---------------

OS:
 Windows 11 , 64 bit Build 26100 (10.0.26100.3624)
OS uptime: 0 days 23:24 hours
Hyper-V role detected

CPU: total 12 (initial active 12) (12 cores per cpu, 2 threads per core) family 25 model 80 stepping 0 microcode 0xa50000f, cx8, cmov, fxsr, ht, mmx, 3dnowpref, sse, sse2, sse3, ssse3, sse4a, sse4.1, sse4.2, popcnt, lzcnt, tsc, tscinvbit, avx, avx2, aes, erms, clmul, bmi1, bmi2, adx, sha, fma, vzeroupper, clflush, clflushopt, hv, rdtscp, rdpid, fsrm, f16c, cet_ss
Processor Information for processor 0
  Max Mhz: 3301, Current Mhz: 567, Mhz Limit: 561
Processor Information for processor 1
  Max Mhz: 3301, Current Mhz: 567, Mhz Limit: 561
Processor Information for processor 2
  Max Mhz: 3301, Current Mhz: 3301, Mhz Limit: 3301
Processor Information for processor 3
  Max Mhz: 3301, Current Mhz: 3301, Mhz Limit: 3301
Processor Information for processor 4
  Max Mhz: 3301, Current Mhz: 3301, Mhz Limit: 3301
Processor Information for processor 5
  Max Mhz: 3301, Current Mhz: 3301, Mhz Limit: 3301
Processor Information for processor 6
  Max Mhz: 3301, Current Mhz: 3301, Mhz Limit: 3301
Processor Information for processor 7
  Max Mhz: 3301, Current Mhz: 3301, Mhz Limit: 3301
Processor Information for processor 8
  Max Mhz: 3301, Current Mhz: 3301, Mhz Limit: 3301
Processor Information for processor 9
  Max Mhz: 3301, Current Mhz: 3301, Mhz Limit: 3301
Processor Information for processor 10
  Max Mhz: 3301, Current Mhz: 3301, Mhz Limit: 3301
Processor Information for processor 11
  Max Mhz: 3301, Current Mhz: 3301, Mhz Limit: 3301

Memory: 4k page, system-wide physical 7518M (707M free)
TotalPageFile size 26471M (AvailPageFile size 16M)
current process WorkingSet (physical memory assigned to process): 305M, peak: 321M
current process commit charge ("private bytes"): 345M, peak: 359M

vm_info: OpenJDK 64-Bit Server VM (21.0.5+-13047016-b750.29) for windows-amd64 JRE (21.0.5+-13047016-b750.29), built on 2025-02-11T21:12:39Z by "builder" with MS VC++ 16.10 / 16.11 (VS2019)

END.
